<?xml version="1.0" encoding="UTF-8"?>
<!-- Generated by org.testng.reporters.JUnitReportReporter -->
<testsuite hostname="DTBLR01LP267" failures="0" tests="1" name="base.SpecificProdPage" time="14.856" errors="0" timestamp="2024-01-25T12:20:34 IST" skipped="0">
  <testcase classname="base.SpecificProdPage" name="ProdDet" time="14.856"/>
</testsuite> <!-- base.SpecificProdPage -->
