<?xml version="1.0" encoding="UTF-8"?>
<!-- Generated by org.testng.reporters.JUnitReportReporter -->
<testsuite hostname="DTBLR01LP267" failures="0" tests="1" name="base.ProdDetPage" time="17.449" errors="0" timestamp="2024-01-25T12:25:56 IST" skipped="0">
  <testcase classname="base.ProdDetPage" name="ProdDet" time="17.449"/>
</testsuite> <!-- base.ProdDetPage -->
