<?xml version="1.0" encoding="UTF-8"?>
<!-- Generated by org.testng.reporters.JUnitReportReporter -->
<testsuite hostname="DTBLR01LP267" failures="0" tests="1" name="base.RemoveFromHome" time="19.599" errors="0" timestamp="2024-01-25T11:37:51 IST" skipped="0">
  <testcase classname="base.RemoveFromHome" name="removefromhome" time="19.599"/>
</testsuite> <!-- base.RemoveFromHome -->
