<?xml version="1.0" encoding="UTF-8"?>
<!-- Generated by org.testng.reporters.JUnitReportReporter -->
<testsuite hostname="DTBLR01LP267" failures="0" tests="1" name="base.AddMulProd" time="16.171" errors="0" timestamp="2024-01-25T11:39:24 IST" skipped="0">
  <testcase classname="base.AddMulProd" name="addmulprod" time="16.171"/>
</testsuite> <!-- base.AddMulProd -->
