<?xml version="1.0" encoding="UTF-8"?>
<!-- Generated by org.testng.reporters.JUnitReportReporter -->
<testsuite hostname="DTBLR01LP267" failures="0" tests="1" name="base.OrderWOProd" time="37.203" errors="0" timestamp="2024-01-25T12:24:04 IST" skipped="0">
  <testcase classname="base.OrderWOProd" name="OrdrWOProd" time="37.203"/>
</testsuite> <!-- base.OrderWOProd -->
