<?xml version="1.0" encoding="UTF-8"?>
<!-- Generated by org.testng.reporters.JUnitReportReporter -->
<testsuite hostname="DTBLR01LP267" failures="0" tests="1" name="base.Extentdemo" time="3.546" errors="0" timestamp="2024-03-04T12:30:36 IST" skipped="0">
  <testcase classname="base.Extentdemo" name="Check_page" time="3.546"/>
</testsuite> <!-- base.Extentdemo -->
