<?xml version="1.0" encoding="UTF-8"?>
<!-- Generated by org.testng.reporters.JUnitReportReporter -->
<testsuite hostname="DTBLR01LP267" failures="0" tests="1" name="base.InformationPage" time="34.805" errors="0" timestamp="2024-01-25T12:13:02 IST" skipped="0">
  <testcase classname="base.InformationPage" name="infn" time="34.805"/>
</testsuite> <!-- base.InformationPage -->
