<?xml version="1.0" encoding="UTF-8"?>
<!-- Generated by org.testng.reporters.JUnitReportReporter -->
<testsuite hostname="DTBLR01LP267" failures="0" tests="1" name="base.RemovefromCart" time="22.514" errors="0" timestamp="2024-01-25T11:36:13 IST" skipped="0">
  <testcase classname="base.RemovefromCart" name="remove" time="22.514"/>
</testsuite> <!-- base.RemovefromCart -->
