<?xml version="1.0" encoding="UTF-8"?>
<!-- Generated by org.testng.reporters.JUnitReportReporter -->
<testsuite hostname="DTBLR01LP267" failures="0" tests="1" name="base.VerifyProdTitle" time="10.089" errors="0" timestamp="2024-01-25T11:23:05 IST" skipped="0">
  <testcase classname="base.VerifyProdTitle" name="ProdDet" time="10.089"/>
</testsuite> <!-- base.VerifyProdTitle -->
