<?xml version="1.0" encoding="UTF-8"?>
<!-- Generated by org.testng.reporters.JUnitReportReporter -->
<testsuite hostname="DTBLR01LP267" failures="0" tests="1" name="base.Addcart" time="29.181" errors="0" timestamp="2024-02-26T11:28:12 IST" skipped="0">
  <testcase classname="base.Addcart" name="addsingleprod" time="29.181"/>
</testsuite> <!-- base.Addcart -->
