<?xml version="1.0" encoding="UTF-8"?>
<!-- Generated by org.testng.reporters.JUnitReportReporter -->
<testsuite hostname="DTBLR01LP267" failures="0" tests="1" name="base.PriceDiff" time="71.334" errors="0" timestamp="2024-01-25T11:41:14 IST" skipped="0">
  <testcase classname="base.PriceDiff" name="PriceDif" time="71.334"/>
</testsuite> <!-- base.PriceDiff -->
