<?xml version="1.0" encoding="UTF-8"?>
<!-- Generated by org.testng.reporters.JUnitReportReporter -->
<testsuite hostname="DTBLR01LP267" failures="0" tests="1" name="base.CancelButton" time="37.818" errors="0" timestamp="2024-01-25T12:31:18 IST" skipped="0">
  <testcase classname="base.CancelButton" name="BckHmeBtn" time="37.818"/>
</testsuite> <!-- base.CancelButton -->
