<?xml version="1.0" encoding="UTF-8"?>
<!-- Generated by org.testng.reporters.JUnitReportReporter -->
<testsuite hostname="DTBLR01LP267" failures="0" tests="1" name="base.EmptycartProdDet" time="21.878" errors="0" timestamp="2024-01-25T12:22:33 IST" skipped="0">
  <testcase classname="base.EmptycartProdDet" name="ProdDet" time="21.878"/>
</testsuite> <!-- base.EmptycartProdDet -->
