<?xml version="1.0" encoding="UTF-8"?>
<!-- Generated by org.testng.reporters.JUnitReportReporter -->
<testsuite hostname="DTBLR01LP267" failures="0" tests="1" name="base.FilterViaAlphabets" time="33.279" errors="0" timestamp="2024-01-25T11:28:29 IST" skipped="0">
  <testcase classname="base.FilterViaAlphabets" name="FilterBtn" time="33.279"/>
</testsuite> <!-- base.FilterViaAlphabets -->
