<?xml version="1.0" encoding="UTF-8"?>
<!-- Generated by org.testng.reporters.JUnitReportReporter -->
<testsuite hostname="DTBLR01LP267" failures="0" tests="1" name="base.About" time="20.949" errors="0" timestamp="2024-01-25T11:15:32 IST" skipped="0">
  <testcase classname="base.About" name="abt" time="20.949"/>
</testsuite> <!-- base.About -->
