<?xml version="1.0" encoding="UTF-8"?>
<!-- Generated by org.testng.reporters.JUnitReportReporter -->
<testsuite hostname="DTBLR01LP267" failures="0" tests="1" name="base.FilterViaPrice" time="26.257" errors="0" timestamp="2024-01-25T11:30:39 IST" skipped="0">
  <testcase classname="base.FilterViaPrice" name="FilterBtn" time="26.257"/>
</testsuite> <!-- base.FilterViaPrice -->
