<?xml version="1.0" encoding="UTF-8"?>
<!-- Generated by org.testng.reporters.JUnitReportReporter -->
<testsuite hostname="DTBLR01LP267" failures="0" tests="1" name="base.BackHmBtn" time="38.365" errors="0" timestamp="2024-01-25T12:19:25 IST" skipped="0">
  <testcase classname="base.BackHmBtn" name="BckHmeBtn" time="38.365"/>
</testsuite> <!-- base.BackHmBtn -->
