<?xml version="1.0" encoding="UTF-8"?>
<!-- Generated by org.testng.reporters.JUnitReportReporter -->
<testsuite hostname="DTBLR01LP267" failures="0" tests="1" name="base.SingleOrder" time="30.888" errors="0" timestamp="2024-02-23T10:18:06 IST" skipped="0">
  <testcase classname="base.SingleOrder" name="singleOrdr" time="30.888"/>
</testsuite> <!-- base.SingleOrder -->
