<?xml version="1.0" encoding="UTF-8"?>
<!-- Generated by org.testng.reporters.JUnitReportReporter -->
<testsuite hostname="DTBLR01LP267" failures="0" tests="1" name="base.InvalidLogin" time="10.511" errors="0" timestamp="2024-01-25T12:39:42 IST" skipped="0">
  <testcase classname="base.InvalidLogin" name="invalidLog" time="10.511"/>
</testsuite> <!-- base.InvalidLogin -->
