<?xml version="1.0" encoding="UTF-8"?>
<!-- Generated by org.testng.reporters.JUnitReportReporter -->
<testsuite hostname="DTBLR01LP267" failures="0" tests="1" name="base.PrdDetRemove" time="19.931" errors="0" timestamp="2024-01-25T12:27:23 IST" skipped="0">
  <testcase classname="base.PrdDetRemove" name="ProdDet" time="19.931"/>
</testsuite> <!-- base.PrdDetRemove -->
