<?xml version="1.0" encoding="UTF-8"?>
<!-- Generated by org.testng.reporters.JUnitReportReporter -->
<testsuite hostname="DTBLR01LP267" failures="0" tests="1" name="base.ViewcartItem" time="14.401" errors="0" timestamp="2024-01-25T11:34:35 IST" skipped="0">
  <testcase classname="base.ViewcartItem" name="Cart" time="14.401"/>
</testsuite> <!-- base.ViewcartItem -->
