<?xml version="1.0" encoding="UTF-8"?>
<!-- Generated by org.testng.reporters.JUnitReportReporter -->
<testsuite hostname="DTBLR01LP267" failures="0" tests="1" name="base.ProdOverview" time="37.079" errors="0" timestamp="2024-01-25T12:17:17 IST" skipped="0">
  <testcase classname="base.ProdOverview" name="ProdDiff" time="37.079"/>
</testsuite> <!-- base.ProdOverview -->
