<?xml version="1.0" encoding="UTF-8"?>
<!-- Generated by org.testng.reporters.JUnitReportReporter -->
<testsuite hostname="DTBLR01LP267" failures="0" tests="1" name="base.Orders" time="46.717" errors="0" timestamp="2024-01-25T11:43:59 IST" skipped="0">
  <testcase classname="base.Orders" name="singleOrdr" time="46.717"/>
</testsuite> <!-- base.Orders -->
